-- The C compiler identification is GNU 13.1.0
-- The CXX compiler identification is GNU 13.1.0
-- Detecting C compiler ABI info
-- Detecting C compiler ABI info - done
-- Check for working C compiler: /usr/bin/cc - skipped
-- Detecting C compile features
-- Detecting C compile features - done
-- Detecting CXX compiler ABI info
-- Detecting CXX compiler ABI info - done
-- Check for working CXX compiler: /usr/bin/c++ - skipped
-- Detecting CXX compile features
-- Detecting CXX compile features - done
-- Looking for __asan_init in asan
-- Looking for __asan_init in asan - found
-- Looking for __ubsan_handle_add_overflow in ubsan
-- Looking for __ubsan_handle_add_overflow in ubsan - found
-- Sanitizers (AddressSanitizer + UndefinedBehaviorSanitizer) są dostępne
-- Znaleziono include-what-you-use: /usr/bin/include-what-you-use
-- Używany mapping IWYU: /tmp/tmp57ouiv03/student/unit_tests/include-what-you-use_exceptions.imp
Katalog do zbudowanego projektu: /tmp/tmp57ouiv03/student/build
 + Znaleziono nagłówki: /tmp/tmp57ouiv03/student/circle.h;/tmp/tmp57ouiv03/student/rectangle.h;/tmp/tmp57ouiv03/student/shape.h;/tmp/tmp57ouiv03/student/shapecomposite.h
 + Znaleziono źródła: /tmp/tmp57ouiv03/student/circle.cpp;/tmp/tmp57ouiv03/student/main.cpp;/tmp/tmp57ouiv03/student/rectangle.cpp;/tmp/tmp57ouiv03/student/shapeomposite.cpp
 + Znaleziono źródła bez main.cpp: /tmp/tmp57ouiv03/student/circle.cpp;/tmp/tmp57ouiv03/student/rectangle.cpp;/tmp/tmp57ouiv03/student/shapeomposite.cpp
	* valgrind found: /usr/bin/valgrind
	* cppcheck found: /usr/local/bin/cppcheck
-- Looking for pthread.h
-- Looking for pthread.h - found
-- Performing Test CMAKE_HAVE_LIBC_PTHREAD
-- Performing Test CMAKE_HAVE_LIBC_PTHREAD - Success
-- Found Threads: TRUE  
 + Znaleziono pliki testów: /tmp/tmp57ouiv03/student/unit_tests/shapesTests.cpp
 + katalog nagłówków: 
-- Configuring done
-- Generating done
-- Build files have been written to: /tmp/tmp57ouiv03/student/build
